2023-12-22 21:12:19,005, — INFO — module: parser.src.new_parser — get_pages_url has started
2023-12-22 21:12:24,084, — INFO — module: parser.src.new_parser — get_pages_url has finished correctly
2023-12-22 21:12:24,085, — INFO — module: parser.src.new_parser — get_goods_links has started
2023-12-22 21:13:53,823, — INFO — module: parser.src.new_parser — get_goods_links has finished correctly
2023-12-22 21:13:53,824, — INFO — module: parser.src.new_parser — get_cards_info has started
2023-12-22 21:14:28,040, — INFO — module: parser.src.new_parser — get_cards_info has finished correctly
2023-12-22 21:14:28,042, — INFO — module: parser.src.new_parser — get_info_products has started
2023-12-22 21:18:51,149, — INFO — module: parser.src.new_parser — get_pages_url has started
2023-12-22 21:18:54,628, — INFO — module: parser.src.new_parser — get_pages_url has finished correctly
2023-12-22 21:18:54,629, — INFO — module: parser.src.new_parser — get_goods_links has started
2023-12-22 21:19:47,340, — INFO — module: parser.src.new_parser — get_goods_links has finished correctly
2023-12-22 21:19:47,341, — INFO — module: parser.src.new_parser — get_cards_info has started
2023-12-22 21:20:23,070, — INFO — module: parser.src.new_parser — get_cards_info has finished correctly
2023-12-22 21:20:23,073, — INFO — module: parser.src.new_parser — get_info_products has started
2023-12-22 21:25:36,260, — INFO — module: parser.src.new_parser — get_pages_url has started
2023-12-22 21:25:43,901, — INFO — module: parser.src.new_parser — get_pages_url has finished correctly
2023-12-22 21:25:43,902, — INFO — module: parser.src.new_parser — get_goods_links has started
2023-12-22 21:26:42,587, — INFO — module: parser.src.new_parser — get_goods_links has finished correctly
2023-12-22 21:26:42,588, — INFO — module: parser.src.new_parser — get_cards_info has started
2023-12-22 21:27:12,426, — INFO — module: parser.src.new_parser — get_cards_info has finished correctly
2023-12-22 21:27:12,429, — INFO — module: parser.src.new_parser — get_info_products has started
2023-12-22 21:28:03,594, — INFO — module: parser.src.new_parser — get_info_products has finished correctly
2023-12-22 21:28:03,594, — INFO — module: parser.src.new_parser — ParserMetro has finished, writing to the file
2023-12-22 21:31:11,667, — INFO — module: parser.src.new_parser — get_pages_url has started
2023-12-22 21:31:16,076, — INFO — module: parser.src.new_parser — get_pages_url has finished correctly
2023-12-22 21:31:16,077, — INFO — module: parser.src.new_parser — get_goods_links has started
2023-12-22 21:31:40,850, — INFO — module: parser.src.new_parser — get_pages_url has started
2023-12-22 21:31:43,836, — INFO — module: parser.src.new_parser — get_pages_url has finished correctly
2023-12-22 21:31:43,837, — INFO — module: parser.src.new_parser — get_goods_links has started
2023-12-22 21:32:33,071, — INFO — module: parser.src.new_parser — get_goods_links has finished correctly
2023-12-22 21:32:33,072, — INFO — module: parser.src.new_parser — get_cards_info has started
2023-12-22 21:33:12,047, — INFO — module: parser.src.new_parser — get_cards_info has finished correctly
2023-12-22 21:33:12,050, — INFO — module: parser.src.new_parser — get_info_products has started
2023-12-22 21:34:03,961, — INFO — module: parser.src.new_parser — get_info_products has finished correctly
2023-12-22 21:34:03,961, — INFO — module: parser.src.new_parser — ParserMetro has finished, writing to the file
2023-12-22 21:42:57,035, — INFO — module: parser.src.new_parser — get_pages_url has started
2023-12-22 21:43:00,254, — INFO — module: parser.src.new_parser — get_pages_url has finished correctly
2023-12-22 21:43:00,255, — INFO — module: parser.src.new_parser — get_goods_links has started
2023-12-22 21:43:52,852, — INFO — module: parser.src.new_parser — get_goods_links has finished correctly
2023-12-22 21:43:52,853, — INFO — module: parser.src.new_parser — get_cards_info has started
2023-12-22 21:44:35,305, — INFO — module: parser.src.new_parser — get_cards_info has finished correctly
2023-12-22 21:44:35,308, — INFO — module: parser.src.new_parser — get_info_products has started
2023-12-22 21:44:42,303, — INFO — module: parser.src.new_parser — get_info_products has finished correctly
2023-12-22 21:44:42,304, — INFO — module: parser.src.new_parser — ParserMetro has finished, writing to the file
2023-12-22 21:50:57,806, — INFO — module: parser.src.new_parser — get_pages_url has started
2023-12-22 21:51:00,365, — INFO — module: parser.src.new_parser — get_pages_url has finished correctly
2023-12-22 21:51:00,367, — INFO — module: parser.src.new_parser — get_cards_info has started
2023-12-22 21:52:17,120, — INFO — module: parser.src.new_parser — get_pages_url has started
2023-12-22 21:52:20,113, — INFO — module: parser.src.new_parser — get_pages_url has finished correctly
2023-12-22 21:52:20,113, — INFO — module: parser.src.new_parser — get_goods_links has started
2023-12-22 21:52:58,652, — INFO — module: parser.src.new_parser — get_goods_links has finished correctly
2023-12-22 21:52:58,653, — INFO — module: parser.src.new_parser — get_cards_info has started
2023-12-22 21:53:31,592, — INFO — module: parser.src.new_parser — get_cards_info has finished correctly
2023-12-22 22:00:22,500, — INFO — module: parser.src.new_parser — get_pages_url has started
2023-12-22 22:00:27,406, — INFO — module: parser.src.new_parser — get_pages_url has finished correctly
2023-12-22 22:00:27,407, — INFO — module: parser.src.new_parser — get_goods_links has started
2023-12-22 22:01:42,380, — INFO — module: parser.src.new_parser — get_goods_links has finished correctly
2023-12-22 22:01:42,381, — INFO — module: parser.src.new_parser — get_cards_info has started
2023-12-22 22:02:33,843, — INFO — module: parser.src.new_parser — get_cards_info has finished correctly
2023-12-22 22:16:04,724, — INFO — module: parser.src.new_parser — get_pages_url has started
2023-12-22 22:16:07,598, — INFO — module: parser.src.new_parser — get_pages_url has finished correctly
2023-12-22 22:16:07,598, — INFO — module: parser.src.new_parser — get_goods_links has started
2023-12-22 22:16:55,533, — INFO — module: parser.src.new_parser — get_goods_links has finished correctly
2023-12-22 22:16:55,534, — INFO — module: parser.src.new_parser — get_cards_info has started
2023-12-22 22:17:37,643, — INFO — module: parser.src.new_parser — get_cards_info has finished correctly
2023-12-22 22:26:11,448, — INFO — module: parser.src.new_parser — get_pages_url has started
2023-12-22 22:26:17,031, — INFO — module: parser.src.new_parser — get_pages_url has finished correctly
2023-12-22 22:26:17,032, — INFO — module: parser.src.new_parser — get_info_products has started
2023-12-22 22:26:24,520, — INFO — module: parser.src.new_parser — get_info_products has finished correctly
2023-12-22 22:28:41,763, — INFO — module: parser.src.new_parser — get_pages_url has started
2023-12-22 22:28:44,150, — INFO — module: parser.src.new_parser — get_pages_url has finished correctly
2023-12-22 22:28:44,151, — INFO — module: parser.src.new_parser — get_goods_links has started
2023-12-22 22:29:33,468, — INFO — module: parser.src.new_parser — get_goods_links has finished correctly
2023-12-22 22:29:33,469, — INFO — module: parser.src.new_parser — get_cards_info has started
2023-12-22 22:30:27,646, — INFO — module: parser.src.new_parser — get_cards_info has finished correctly
2023-12-22 23:20:29,647, — INFO — module: parser.src.new_parser — get_pages_url has started
2023-12-22 23:20:34,644, — INFO — module: parser.src.new_parser — get_pages_url has finished correctly
2023-12-22 23:20:34,645, — INFO — module: parser.src.new_parser — get_goods_links has started
2023-12-22 23:21:40,641, — INFO — module: parser.src.new_parser — get_goods_links has finished correctly
2023-12-22 23:21:40,642, — INFO — module: parser.src.new_parser — get_cards_info has started
2023-12-22 23:24:05,817, — INFO — module: parser.src.new_parser — get_pages_url has started
2023-12-22 23:24:11,210, — INFO — module: parser.src.new_parser — get_pages_url has finished correctly
2023-12-22 23:24:11,211, — INFO — module: parser.src.new_parser — get_goods_links has started
2023-12-22 23:24:52,323, — INFO — module: parser.src.new_parser — get_cards_info has started
2023-12-22 23:26:47,838, — INFO — module: parser.src.new_parser — get_pages_url has started
2023-12-22 23:26:49,934, — INFO — module: parser.src.new_parser — get_pages_url has finished correctly
2023-12-22 23:26:49,935, — INFO — module: parser.src.new_parser — get_goods_links has started
2023-12-22 23:27:45,438, — INFO — module: parser.src.new_parser — get_goods_links has finished correctly
2023-12-22 23:27:45,440, — INFO — module: parser.src.new_parser — get_cards_info has started
2023-12-22 23:28:39,636, — INFO — module: parser.src.new_parser — get_cards_info has finished correctly
2023-12-22 23:28:39,638, — INFO — module: parser.src.new_parser — get_pages_url has started
2023-12-22 23:28:41,160, — INFO — module: parser.src.new_parser — get_pages_url has finished correctly
2023-12-22 23:28:41,161, — INFO — module: parser.src.new_parser — get_info_products has started
2023-12-22 23:28:55,931, — INFO — module: parser.src.new_parser — get_info_products has finished correctly
2023-12-22 23:38:45,646, — INFO — module: parser.src.new_parser — get_pages_url has started
2023-12-22 23:38:48,420, — INFO — module: parser.src.new_parser — get_pages_url has finished correctly
2023-12-22 23:38:48,420, — INFO — module: parser.src.new_parser — get_goods_links has started
2023-12-22 23:39:39,928, — INFO — module: parser.src.new_parser — get_goods_links has finished correctly
2023-12-22 23:39:39,930, — INFO — module: parser.src.new_parser — get_cards_info has started
2023-12-22 23:45:37,644, — INFO — module: parser.src.new_parser — get_pages_url has started
2023-12-22 23:45:41,287, — INFO — module: parser.src.new_parser — get_pages_url has finished correctly
2023-12-22 23:45:41,288, — INFO — module: parser.src.new_parser — get_goods_links has started
2023-12-22 23:45:48,297, — INFO — module: parser.src.new_parser — get_cards_info has started
2023-12-22 23:49:33,125, — INFO — module: parser.src.new_parser — get_pages_url has started
2023-12-22 23:49:35,080, — INFO — module: parser.src.new_parser — get_pages_url has finished correctly
2023-12-22 23:49:35,080, — INFO — module: parser.src.new_parser — get_goods_links has started
2023-12-22 23:50:32,508, — INFO — module: parser.src.new_parser — get_goods_links has finished correctly
2023-12-22 23:50:32,509, — INFO — module: parser.src.new_parser — get_cards_info has started
2023-12-22 23:51:41,162, — INFO — module: parser.src.new_parser — get_cards_info has finished correctly
2023-12-22 23:51:41,163, — INFO — module: parser.src.new_parser — get_pages_url has started
2023-12-22 23:51:43,182, — INFO — module: parser.src.new_parser — get_pages_url has finished correctly
2023-12-22 23:51:43,183, — INFO — module: parser.src.new_parser — get_info_products has started
2023-12-22 23:51:55,513, — INFO — module: parser.src.new_parser — get_info_products has finished correctly
2023-12-23 00:02:21,370, — INFO — module: parser.src.new_parser — get_pages_url has started
2023-12-23 00:02:24,456, — INFO — module: parser.src.new_parser — get_pages_url has finished correctly
2023-12-23 00:02:24,457, — INFO — module: parser.src.new_parser — get_goods_links has started
2023-12-23 00:03:18,848, — INFO — module: parser.src.new_parser — get_goods_links has finished correctly
2023-12-23 00:03:18,850, — INFO — module: parser.src.new_parser — get_cards_info has started
2023-12-23 00:04:32,713, — INFO — module: parser.src.new_parser — get_cards_info has finished correctly
2023-12-23 00:04:32,714, — INFO — module: parser.src.new_parser — get_pages_url has started
2023-12-23 00:04:35,554, — INFO — module: parser.src.new_parser — get_pages_url has finished correctly
2023-12-23 00:04:35,555, — INFO — module: parser.src.new_parser — get_info_products has started
2023-12-23 00:04:49,403, — INFO — module: parser.src.new_parser — get_info_products has finished correctly
2023-12-23 00:27:06,299, — INFO — module: parser.src.new_parser — get_pages_url has started
2023-12-23 00:27:09,189, — INFO — module: parser.src.new_parser — get_pages_url has finished correctly
2023-12-23 00:27:09,190, — INFO — module: parser.src.new_parser — get_goods_links has started
2023-12-23 00:27:54,484, — INFO — module: parser.src.new_parser — get_goods_links has finished correctly
2023-12-23 00:27:54,485, — INFO — module: parser.src.new_parser — get_cards_info has started
2023-12-23 00:29:02,004, — INFO — module: parser.src.new_parser — get_cards_info has finished correctly
2023-12-23 00:29:02,005, — INFO — module: parser.src.new_parser — get_pages_url has started
2023-12-23 00:29:03,533, — INFO — module: parser.src.new_parser — get_pages_url has finished correctly
2023-12-23 00:29:03,534, — INFO — module: parser.src.new_parser — get_info_products has started
2023-12-23 00:29:38,341, — INFO — module: parser.src.new_parser — get_info_products has finished correctly
2023-12-23 11:13:53,957, — INFO — module: parser.src.new_parser — get_pages_url has started
2023-12-23 11:14:24,325, — INFO — module: parser.src.new_parser — get_pages_url has finished correctly
2023-12-23 11:14:24,326, — INFO — module: parser.src.new_parser — get_goods_links has started
2023-12-23 11:14:51,949, — INFO — module: parser.src.new_parser — get_cards_info has started
2023-12-23 11:15:45,597, — INFO — module: parser.src.new_parser — get_pages_url has started
2023-12-23 11:16:40,482, — INFO — module: parser.src.new_parser — get_pages_url has finished correctly
2023-12-23 11:16:40,483, — INFO — module: parser.src.new_parser — get_goods_links has started
2023-12-23 11:21:04,240, — INFO — module: parser.src.new_parser — get_pages_url has started
2023-12-23 11:21:37,469, — INFO — module: parser.src.new_parser — get_goods_links has started
2023-12-23 11:25:07,447, — INFO — module: parser.src.new_parser — get_pages_url has started
2023-12-23 11:25:12,176, — INFO — module: parser.src.new_parser — get_pages_url has finished correctly
2023-12-23 11:25:12,177, — INFO — module: parser.src.new_parser — get_goods_links has started
2023-12-23 11:27:05,560, — INFO — module: parser.src.new_parser — get_goods_links has finished correctly
2023-12-23 11:27:05,562, — INFO — module: parser.src.new_parser — get_cards_info has started
2023-12-23 11:27:44,910, — INFO — module: parser.src.new_parser — get_cards_info has finished correctly
2023-12-23 11:27:44,912, — INFO — module: parser.src.new_parser — get_pages_url has started
2023-12-23 11:27:49,908, — INFO — module: parser.src.new_parser — get_pages_url has finished correctly
2023-12-23 11:27:49,909, — INFO — module: parser.src.new_parser — get_info_products has started
2023-12-23 11:27:58,982, — INFO — module: parser.src.new_parser — get_info_products has finished correctly
2023-12-23 12:03:51,803, — INFO — module: parser.src.new_parser — get_pages_url has started
2023-12-23 12:04:46,384, — INFO — module: parser.src.new_parser — get_pages_url has finished correctly
2023-12-23 12:04:46,384, — INFO — module: parser.src.new_parser — get_goods_links has started
2023-12-23 12:07:16,599, — INFO — module: parser.src.new_parser — get_cards_info has started
2023-12-23 12:08:08,327, — INFO — module: parser.src.new_parser — get_pages_url has started
2023-12-23 12:10:38,461, — INFO — module: parser.src.new_parser — get_goods_links has started
2023-12-23 12:13:29,458, — INFO — module: parser.src.new_parser — get_pages_url has started
2023-12-23 12:20:13,170, — INFO — module: parser.src.new_parser — get_pages_url has started
2023-12-23 12:22:44,094, — INFO — module: parser.src.new_parser — get_goods_links has started
2023-12-23 12:24:22,262, — INFO — module: parser.src.new_parser — get_pages_url has started
2023-12-23 12:31:36,303, — INFO — module: parser.src.utils — get_pages_url has started
2023-12-23 12:32:43,523, — INFO — module: parser.src.utils — get_pages_url has started
2023-12-23 12:33:27,566, — INFO — module: parser.src.utils — get_pages_url has started
2023-12-23 12:35:57,632, — INFO — module: parser.src.parsers — get_goods_links has started
2023-12-23 12:37:38,299, — INFO — module: parser.src.utils — get_pages_url has started
2023-12-23 12:38:45,933, — INFO — module: parser.src.utils — get_pages_url has started
2023-12-23 12:40:12,267, — INFO — module: parser.src.utils — get_pages_url has started
2023-12-23 12:40:31,788, — INFO — module: parser.src.utils — get_pages_url has finished correctly
2023-12-23 12:40:31,791, — INFO — module: parser.src.parsers — get_goods_links has started
2023-12-23 12:44:19,202, — INFO — module: parser.src.parsers — get_goods_links has finished correctly
2023-12-23 12:44:19,203, — INFO — module: parser.src.parsers — get_cards_info has started
2023-12-23 12:45:43,112, — INFO — module: parser.src.parsers — get_cards_info has finished correctly
2023-12-23 12:45:43,113, — INFO — module: parser.src.utils — get_pages_url has started
2023-12-23 12:46:01,402, — INFO — module: parser.src.utils — get_pages_url has finished correctly
2023-12-23 12:50:36,338, — INFO — module: parser.src.utils — get_pages_url has started
2023-12-23 12:50:56,472, — INFO — module: parser.src.utils — get_pages_url has finished correctly
2023-12-23 12:50:56,473, — INFO — module: parser.src.parsers — get_goods_links has started
2023-12-23 12:53:01,550, — INFO — module: parser.src.parsers — get_goods_links has finished correctly
2023-12-23 12:53:01,552, — INFO — module: parser.src.parsers — get_cards_info has started
2023-12-23 12:54:21,850, — INFO — module: parser.src.parsers — get_cards_info has finished correctly
2023-12-23 12:54:21,852, — INFO — module: parser.src.utils — get_pages_url has started
2023-12-23 12:54:25,914, — INFO — module: parser.src.utils — get_pages_url has finished correctly
2023-12-23 12:55:52,626, — INFO — module: parser.src.parsers — get_info_products has started
2023-12-23 12:57:02,184, — INFO — module: parser.src.parsers — get_info_products has finished correctly
2023-12-23 13:15:52,429, — INFO — module: parser.src.utils — get_pages_url has started
2023-12-23 13:18:22,532, — INFO — module: parser.src.parsers — get_goods_links has started
2023-12-23 13:19:00,431, — INFO — module: parser.src.utils — get_pages_url has started
2023-12-23 13:22:10,474, — INFO — module: parser.src.utils — get_pages_url has started
2023-12-23 13:26:49,367, — INFO — module: parser.src.utils — get_pages_url has started
2023-12-23 13:26:54,106, — INFO — module: parser.src.utils — get_pages_url has finished correctly
2023-12-23 13:26:54,107, — INFO — module: parser.src.parsers — get_goods_links has started
2023-12-23 13:30:20,484, — INFO — module: parser.src.utils — get_pages_url has started
2023-12-23 13:30:23,767, — INFO — module: parser.src.utils — get_pages_url has finished correctly
2023-12-23 13:30:23,768, — INFO — module: parser.src.parsers — get_goods_links has started
2023-12-23 13:30:51,859, — INFO — module: parser.src.parsers — get_goods_links has finished correctly
2023-12-23 13:30:51,860, — INFO — module: parser.src.parsers — get_cards_info has started
2023-12-23 13:32:58,557, — INFO — module: parser.src.parsers — get_cards_info has finished correctly
2023-12-23 13:32:58,558, — INFO — module: parser.src.utils — get_pages_url has started
2023-12-23 13:39:52,594, — INFO — module: parser.src.utils — get_pages_url has started
2023-12-23 13:40:12,496, — INFO — module: parser.src.utils — get_pages_url has finished correctly
2023-12-23 13:40:12,497, — INFO — module: parser.src.parsers — get_goods_links has started
2023-12-23 13:42:05,588, — INFO — module: parser.src.utils — get_pages_url has started
2023-12-23 13:42:57,820, — INFO — module: parser.src.utils — get_pages_url has started
2023-12-23 13:43:32,405, — INFO — module: parser.src.utils — get_pages_url has finished correctly
2023-12-23 13:43:32,405, — INFO — module: parser.src.parsers — get_goods_links has started
2023-12-23 13:47:16,982, — INFO — module: parser.src.utils — get_pages_url has started
2023-12-23 13:49:47,026, — INFO — module: parser.src.parsers — get_goods_links has started
2023-12-23 13:52:12,574, — INFO — module: parser.src.utils — get_pages_url has started
2023-12-23 13:52:51,884, — INFO — module: parser.src.utils — get_pages_url has finished correctly
2023-12-23 13:52:51,885, — INFO — module: parser.src.parsers — get_goods_links has started
2023-12-23 13:54:31,910, — INFO — module: parser.src.utils — get_pages_url has started
2023-12-23 13:56:22,052, — INFO — module: parser.src.utils — get_pages_url has started
2023-12-23 13:57:08,942, — INFO — module: parser.src.utils — get_pages_url has finished correctly
2023-12-23 13:57:08,943, — INFO — module: parser.src.parsers — get_goods_links has started
2023-12-23 13:57:46,620, — INFO — module: parser.src.parsers — get_goods_links has finished correctly
2023-12-23 13:57:46,621, — INFO — module: parser.src.parsers — get_cards_info has started
2023-12-23 14:00:34,896, — INFO — module: parser.src.parsers — get_cards_info has finished correctly
2023-12-23 14:00:34,896, — INFO — module: parser.src.utils — get_pages_url has started
2023-12-23 14:00:38,093, — INFO — module: parser.src.utils — get_pages_url has finished correctly
2023-12-23 14:04:43,631, — INFO — module: parser.src.utils — get_pages_url has started
2023-12-23 14:05:01,063, — INFO — module: parser.src.utils — get_pages_url has finished correctly
2023-12-23 14:05:01,063, — INFO — module: parser.src.parsers — get_goods_links has started
2023-12-23 14:05:35,513, — INFO — module: parser.src.parsers — get_goods_links has finished correctly
2023-12-23 14:05:35,514, — INFO — module: parser.src.parsers — get_cards_info has started
2023-12-23 14:07:04,425, — INFO — module: parser.src.parsers — get_cards_info has finished correctly
2023-12-23 14:07:04,426, — INFO — module: parser.src.utils — get_pages_url has started
2023-12-23 14:08:07,811, — INFO — module: parser.src.utils — get_pages_url has finished correctly
2023-12-23 14:08:34,909, — INFO — module: parser.src.parsers — get_info_products has started
2023-12-23 14:08:39,411, — INFO — module: parser.src.parsers — get_info_products has finished correctly
2023-12-23 14:25:26,337, — INFO — module: parser.src.utils — get_pages_url has started
2023-12-23 14:26:18,021, — INFO — module: parser.src.utils — get_pages_url has started
2023-12-23 14:26:28,096, — INFO — module: parser.src.utils — get_pages_url has finished correctly
2023-12-23 14:26:28,097, — INFO — module: parser.src.parsers — get_goods_links has started
2023-12-23 14:28:23,058, — INFO — module: parser.src.parsers — get_goods_links has finished correctly
2023-12-23 14:28:23,059, — INFO — module: parser.src.parsers — get_cards_info has started
2023-12-23 14:29:58,060, — INFO — module: parser.src.parsers — get_cards_info has finished correctly
2023-12-23 14:29:58,061, — INFO — module: parser.src.utils — get_pages_url has started
2023-12-23 14:30:01,306, — INFO — module: parser.src.utils — get_pages_url has finished correctly
2023-12-23 14:30:42,979, — INFO — module: parser.src.parsers — get_info_products has started
2023-12-23 14:32:12,341, — INFO — module: parser.src.parsers — get_info_products has finished correctly
2023-12-23 14:37:42,364, — INFO — module: parser.src.utils — get_pages_url has started
2023-12-23 14:37:50,107, — INFO — module: parser.src.utils — get_pages_url has finished correctly
2023-12-23 14:37:50,108, — INFO — module: parser.src.parsers — get_goods_links has started
2023-12-23 14:39:31,005, — INFO — module: parser.src.parsers — get_goods_links has finished correctly
2023-12-23 14:39:31,007, — INFO — module: parser.src.parsers — get_cards_info has started
2023-12-23 14:48:04,102, — INFO — module: parser.src.utils — get_pages_url has started
2023-12-23 14:48:07,117, — INFO — module: parser.src.utils — get_pages_url has finished correctly
2023-12-23 14:48:07,118, — INFO — module: parser.src.parsers — get_goods_links has started
2023-12-23 14:49:10,323, — INFO — module: parser.src.parsers — get_goods_links has finished correctly
2023-12-23 14:49:10,324, — INFO — module: parser.src.parsers — get_cards_info has started
2023-12-23 14:49:53,766, — INFO — module: parser.src.parsers — get_cards_info has finished correctly
2023-12-23 14:49:53,769, — INFO — module: parser.src.utils — get_pages_url has started
2023-12-23 14:49:56,477, — INFO — module: parser.src.utils — get_pages_url has finished correctly
2023-12-23 14:50:12,476, — INFO — module: parser.src.parsers — get_info_products has started
2023-12-23 14:50:22,135, — INFO — module: parser.src.parsers — get_info_products has finished correctly
2023-12-23 15:00:01,933, — INFO — module: parser.src.utils — get_pages_url has started
2023-12-23 15:00:04,729, — INFO — module: parser.src.utils — get_pages_url has finished correctly
2023-12-23 15:00:30,875, — INFO — module: parser.src.parsers — get_goods_links has started
2023-12-23 15:00:59,399, — INFO — module: parser.src.parsers — get_goods_links has finished correctly
2023-12-23 15:00:59,400, — INFO — module: parser.src.parsers — get_cards_info has started
2023-12-23 15:01:14,090, — INFO — module: parser.src.parsers — get_cards_info has finished correctly
2023-12-23 15:01:14,093, — INFO — module: parser.src.utils — get_pages_url has started
2023-12-23 15:01:21,644, — INFO — module: parser.src.utils — get_pages_url has finished correctly
2023-12-23 15:01:51,232, — INFO — module: parser.src.parsers — get_info_products has started
2023-12-23 15:01:55,169, — INFO — module: parser.src.parsers — get_info_products has finished correctly
2023-12-23 16:14:29,202, — INFO — module: parser.src.utils — get_pages_url has started
2023-12-23 16:14:32,317, — INFO — module: parser.src.utils — get_pages_url has finished correctly
2023-12-23 16:20:58,213, — INFO — module: parser.src.utils — get_pages_url has started
2023-12-23 16:21:05,061, — INFO — module: parser.src.utils — get_pages_url has finished correctly
2023-12-23 16:28:28,186, — INFO — module: parser.src.utils — get_pages_url has started
2023-12-23 16:28:33,075, — INFO — module: parser.src.utils — get_pages_url has finished correctly
2023-12-23 16:28:51,728, — INFO — module: parser.src.utils — Fn get_goods_links has started
2023-12-23 16:29:07,370, — INFO — module: parser.src.utils — Fn get_goods_links has finished correctly
2023-12-23 16:29:07,371, — INFO — module: parser.src.utils — Fn get_cards_info has started
2023-12-23 16:29:07,371, — WARNING — module: parser.src.utils — Fn <bound method ParserIdBrand.get_id_brand of <parser.src.new_parser.ParserMetro object at 0x7f55d6cefb50>> has started
2023-12-23 16:29:07,372, — WARNING — module: parser.src.utils — Fn <bound method ParserIdBrand.get_id_brand of <parser.src.new_parser.ParserMetro object at 0x7f55d6cefb50>> has started
2023-12-23 16:29:07,373, — WARNING — module: parser.src.utils — Fn <bound method ParserIdBrand.get_id_brand of <parser.src.new_parser.ParserMetro object at 0x7f55d6cefb50>> has started
2023-12-23 16:29:07,373, — WARNING — module: parser.src.utils — Fn <bound method ParserIdBrand.get_id_brand of <parser.src.new_parser.ParserMetro object at 0x7f55d6cefb50>> has started
2023-12-23 16:29:07,373, — WARNING — module: parser.src.utils — Fn <bound method ParserIdBrand.get_id_brand of <parser.src.new_parser.ParserMetro object at 0x7f55d6cefb50>> has started
2023-12-23 16:29:07,373, — WARNING — module: parser.src.utils — Fn <bound method ParserIdBrand.get_id_brand of <parser.src.new_parser.ParserMetro object at 0x7f55d6cefb50>> has started
2023-12-23 16:29:07,373, — WARNING — module: parser.src.utils — Fn <bound method ParserIdBrand.get_id_brand of <parser.src.new_parser.ParserMetro object at 0x7f55d6cefb50>> has started
2023-12-23 16:29:07,374, — WARNING — module: parser.src.utils — Fn <bound method ParserIdBrand.get_id_brand of <parser.src.new_parser.ParserMetro object at 0x7f55d6cefb50>> has started
2023-12-23 16:29:07,374, — WARNING — module: parser.src.utils — Fn <bound method ParserIdBrand.get_id_brand of <parser.src.new_parser.ParserMetro object at 0x7f55d6cefb50>> has started
2023-12-23 16:29:07,374, — WARNING — module: parser.src.utils — Fn <bound method ParserIdBrand.get_id_brand of <parser.src.new_parser.ParserMetro object at 0x7f55d6cefb50>> has started
2023-12-23 16:29:07,374, — WARNING — module: parser.src.utils — Fn <bound method ParserIdBrand.get_id_brand of <parser.src.new_parser.ParserMetro object at 0x7f55d6cefb50>> has started
2023-12-23 16:29:07,374, — WARNING — module: parser.src.utils — Fn <bound method ParserIdBrand.get_id_brand of <parser.src.new_parser.ParserMetro object at 0x7f55d6cefb50>> has started
2023-12-23 16:29:07,375, — WARNING — module: parser.src.utils — Fn <bound method ParserIdBrand.get_id_brand of <parser.src.new_parser.ParserMetro object at 0x7f55d6cefb50>> has started
2023-12-23 16:29:07,375, — WARNING — module: parser.src.utils — Fn <bound method ParserIdBrand.get_id_brand of <parser.src.new_parser.ParserMetro object at 0x7f55d6cefb50>> has started
2023-12-23 16:29:07,375, — WARNING — module: parser.src.utils — Fn <bound method ParserIdBrand.get_id_brand of <parser.src.new_parser.ParserMetro object at 0x7f55d6cefb50>> has started
2023-12-23 16:29:07,375, — WARNING — module: parser.src.utils — Fn <bound method ParserIdBrand.get_id_brand of <parser.src.new_parser.ParserMetro object at 0x7f55d6cefb50>> has started
2023-12-23 16:29:07,375, — WARNING — module: parser.src.utils — Fn <bound method ParserIdBrand.get_id_brand of <parser.src.new_parser.ParserMetro object at 0x7f55d6cefb50>> has started
2023-12-23 16:29:07,376, — WARNING — module: parser.src.utils — Fn <bound method ParserIdBrand.get_id_brand of <parser.src.new_parser.ParserMetro object at 0x7f55d6cefb50>> has started
2023-12-23 16:29:07,376, — WARNING — module: parser.src.utils — Fn <bound method ParserIdBrand.get_id_brand of <parser.src.new_parser.ParserMetro object at 0x7f55d6cefb50>> has started
2023-12-23 16:29:07,376, — WARNING — module: parser.src.utils — Fn <bound method ParserIdBrand.get_id_brand of <parser.src.new_parser.ParserMetro object at 0x7f55d6cefb50>> has started
2023-12-23 16:29:07,376, — WARNING — module: parser.src.utils — Fn <bound method ParserIdBrand.get_id_brand of <parser.src.new_parser.ParserMetro object at 0x7f55d6cefb50>> has started
2023-12-23 16:29:07,377, — WARNING — module: parser.src.utils — Fn <bound method ParserIdBrand.get_id_brand of <parser.src.new_parser.ParserMetro object at 0x7f55d6cefb50>> has started
2023-12-23 16:29:07,377, — WARNING — module: parser.src.utils — Fn <bound method ParserIdBrand.get_id_brand of <parser.src.new_parser.ParserMetro object at 0x7f55d6cefb50>> has started
2023-12-23 16:29:07,377, — WARNING — module: parser.src.utils — Fn <bound method ParserIdBrand.get_id_brand of <parser.src.new_parser.ParserMetro object at 0x7f55d6cefb50>> has started
2023-12-23 16:29:07,377, — WARNING — module: parser.src.utils — Fn <bound method ParserIdBrand.get_id_brand of <parser.src.new_parser.ParserMetro object at 0x7f55d6cefb50>> has started
2023-12-23 16:29:07,377, — WARNING — module: parser.src.utils — Fn <bound method ParserIdBrand.get_id_brand of <parser.src.new_parser.ParserMetro object at 0x7f55d6cefb50>> has started
2023-12-23 16:29:07,378, — WARNING — module: parser.src.utils — Fn <bound method ParserIdBrand.get_id_brand of <parser.src.new_parser.ParserMetro object at 0x7f55d6cefb50>> has started
2023-12-23 16:29:07,378, — WARNING — module: parser.src.utils — Fn <bound method ParserIdBrand.get_id_brand of <parser.src.new_parser.ParserMetro object at 0x7f55d6cefb50>> has started
2023-12-23 16:29:07,378, — WARNING — module: parser.src.utils — Fn <bound method ParserIdBrand.get_id_brand of <parser.src.new_parser.ParserMetro object at 0x7f55d6cefb50>> has started
2023-12-23 16:29:07,378, — WARNING — module: parser.src.utils — Fn <bound method ParserIdBrand.get_id_brand of <parser.src.new_parser.ParserMetro object at 0x7f55d6cefb50>> has started
2023-12-23 16:29:07,378, — WARNING — module: parser.src.utils — Fn <bound method ParserIdBrand.get_id_brand of <parser.src.new_parser.ParserMetro object at 0x7f55d6cefb50>> has started
2023-12-23 16:29:07,379, — WARNING — module: parser.src.utils — Fn <bound method ParserIdBrand.get_id_brand of <parser.src.new_parser.ParserMetro object at 0x7f55d6cefb50>> has started
2023-12-23 16:29:07,379, — WARNING — module: parser.src.utils — Fn <bound method ParserIdBrand.get_id_brand of <parser.src.new_parser.ParserMetro object at 0x7f55d6cefb50>> has started
2023-12-23 16:29:07,379, — WARNING — module: parser.src.utils — Fn <bound method ParserIdBrand.get_id_brand of <parser.src.new_parser.ParserMetro object at 0x7f55d6cefb50>> has started
2023-12-23 16:29:07,379, — WARNING — module: parser.src.utils — Fn <bound method ParserIdBrand.get_id_brand of <parser.src.new_parser.ParserMetro object at 0x7f55d6cefb50>> has started
2023-12-23 16:29:07,380, — WARNING — module: parser.src.utils — Fn <bound method ParserIdBrand.get_id_brand of <parser.src.new_parser.ParserMetro object at 0x7f55d6cefb50>> has started
2023-12-23 16:29:07,380, — WARNING — module: parser.src.utils — Fn <bound method ParserIdBrand.get_id_brand of <parser.src.new_parser.ParserMetro object at 0x7f55d6cefb50>> has started
2023-12-23 16:29:07,380, — WARNING — module: parser.src.utils — Fn <bound method ParserIdBrand.get_id_brand of <parser.src.new_parser.ParserMetro object at 0x7f55d6cefb50>> has started
2023-12-23 16:29:07,381, — WARNING — module: parser.src.utils — Fn <bound method ParserIdBrand.get_id_brand of <parser.src.new_parser.ParserMetro object at 0x7f55d6cefb50>> has started
2023-12-23 16:29:07,381, — WARNING — module: parser.src.utils — Fn <bound method ParserIdBrand.get_id_brand of <parser.src.new_parser.ParserMetro object at 0x7f55d6cefb50>> has started
2023-12-23 16:29:07,381, — WARNING — module: parser.src.utils — Fn <bound method ParserIdBrand.get_id_brand of <parser.src.new_parser.ParserMetro object at 0x7f55d6cefb50>> has started
2023-12-23 16:29:07,381, — WARNING — module: parser.src.utils — Fn <bound method ParserIdBrand.get_id_brand of <parser.src.new_parser.ParserMetro object at 0x7f55d6cefb50>> has started
2023-12-23 16:29:07,381, — WARNING — module: parser.src.utils — Fn <bound method ParserIdBrand.get_id_brand of <parser.src.new_parser.ParserMetro object at 0x7f55d6cefb50>> has started
2023-12-23 16:29:07,382, — WARNING — module: parser.src.utils — Fn <bound method ParserIdBrand.get_id_brand of <parser.src.new_parser.ParserMetro object at 0x7f55d6cefb50>> has started
2023-12-23 16:29:07,382, — WARNING — module: parser.src.utils — Fn <bound method ParserIdBrand.get_id_brand of <parser.src.new_parser.ParserMetro object at 0x7f55d6cefb50>> has started
2023-12-23 16:29:07,382, — WARNING — module: parser.src.utils — Fn <bound method ParserIdBrand.get_id_brand of <parser.src.new_parser.ParserMetro object at 0x7f55d6cefb50>> has started
2023-12-23 16:29:07,382, — WARNING — module: parser.src.utils — Fn <bound method ParserIdBrand.get_id_brand of <parser.src.new_parser.ParserMetro object at 0x7f55d6cefb50>> has started
2023-12-23 16:29:07,383, — WARNING — module: parser.src.utils — Fn <bound method ParserIdBrand.get_id_brand of <parser.src.new_parser.ParserMetro object at 0x7f55d6cefb50>> has started
2023-12-23 16:29:07,383, — WARNING — module: parser.src.utils — Fn <bound method ParserIdBrand.get_id_brand of <parser.src.new_parser.ParserMetro object at 0x7f55d6cefb50>> has started
2023-12-23 16:29:07,383, — WARNING — module: parser.src.utils — Fn <bound method ParserIdBrand.get_id_brand of <parser.src.new_parser.ParserMetro object at 0x7f55d6cefb50>> has started
2023-12-23 16:29:07,383, — WARNING — module: parser.src.utils — Fn <bound method ParserIdBrand.get_id_brand of <parser.src.new_parser.ParserMetro object at 0x7f55d6cefb50>> has started
2023-12-23 16:29:07,384, — WARNING — module: parser.src.utils — Fn <bound method ParserIdBrand.get_id_brand of <parser.src.new_parser.ParserMetro object at 0x7f55d6cefb50>> has started
2023-12-23 16:29:07,384, — WARNING — module: parser.src.utils — Fn <bound method ParserIdBrand.get_id_brand of <parser.src.new_parser.ParserMetro object at 0x7f55d6cefb50>> has started
2023-12-23 16:29:07,384, — WARNING — module: parser.src.utils — Fn <bound method ParserIdBrand.get_id_brand of <parser.src.new_parser.ParserMetro object at 0x7f55d6cefb50>> has started
2023-12-23 16:29:07,385, — WARNING — module: parser.src.utils — Fn <bound method ParserIdBrand.get_id_brand of <parser.src.new_parser.ParserMetro object at 0x7f55d6cefb50>> has started
2023-12-23 16:29:07,385, — WARNING — module: parser.src.utils — Fn <bound method ParserIdBrand.get_id_brand of <parser.src.new_parser.ParserMetro object at 0x7f55d6cefb50>> has started
2023-12-23 16:29:07,385, — WARNING — module: parser.src.utils — Fn <bound method ParserIdBrand.get_id_brand of <parser.src.new_parser.ParserMetro object at 0x7f55d6cefb50>> has started
2023-12-23 16:29:07,385, — WARNING — module: parser.src.utils — Fn <bound method ParserIdBrand.get_id_brand of <parser.src.new_parser.ParserMetro object at 0x7f55d6cefb50>> has started
2023-12-23 16:29:07,385, — WARNING — module: parser.src.utils — Fn <bound method ParserIdBrand.get_id_brand of <parser.src.new_parser.ParserMetro object at 0x7f55d6cefb50>> has started
2023-12-23 16:29:07,385, — WARNING — module: parser.src.utils — Fn <bound method ParserIdBrand.get_id_brand of <parser.src.new_parser.ParserMetro object at 0x7f55d6cefb50>> has started
2023-12-23 16:29:07,386, — WARNING — module: parser.src.utils — Fn <bound method ParserIdBrand.get_id_brand of <parser.src.new_parser.ParserMetro object at 0x7f55d6cefb50>> has started
2023-12-23 16:29:07,386, — WARNING — module: parser.src.utils — Fn <bound method ParserIdBrand.get_id_brand of <parser.src.new_parser.ParserMetro object at 0x7f55d6cefb50>> has started
2023-12-23 16:29:07,386, — WARNING — module: parser.src.utils — Fn <bound method ParserIdBrand.get_id_brand of <parser.src.new_parser.ParserMetro object at 0x7f55d6cefb50>> has started
2023-12-23 16:29:07,386, — WARNING — module: parser.src.utils — Fn <bound method ParserIdBrand.get_id_brand of <parser.src.new_parser.ParserMetro object at 0x7f55d6cefb50>> has started
2023-12-23 16:29:07,386, — WARNING — module: parser.src.utils — Fn <bound method ParserIdBrand.get_id_brand of <parser.src.new_parser.ParserMetro object at 0x7f55d6cefb50>> has started
2023-12-23 16:29:07,387, — WARNING — module: parser.src.utils — Fn <bound method ParserIdBrand.get_id_brand of <parser.src.new_parser.ParserMetro object at 0x7f55d6cefb50>> has started
2023-12-23 16:29:07,387, — WARNING — module: parser.src.utils — Fn <bound method ParserIdBrand.get_id_brand of <parser.src.new_parser.ParserMetro object at 0x7f55d6cefb50>> has started
2023-12-23 16:29:07,387, — WARNING — module: parser.src.utils — Fn <bound method ParserIdBrand.get_id_brand of <parser.src.new_parser.ParserMetro object at 0x7f55d6cefb50>> has started
2023-12-23 16:29:07,387, — WARNING — module: parser.src.utils — Fn <bound method ParserIdBrand.get_id_brand of <parser.src.new_parser.ParserMetro object at 0x7f55d6cefb50>> has started
2023-12-23 16:29:07,387, — WARNING — module: parser.src.utils — Fn <bound method ParserIdBrand.get_id_brand of <parser.src.new_parser.ParserMetro object at 0x7f55d6cefb50>> has started
2023-12-23 16:29:07,388, — WARNING — module: parser.src.utils — Fn <bound method ParserIdBrand.get_id_brand of <parser.src.new_parser.ParserMetro object at 0x7f55d6cefb50>> has started
2023-12-23 16:29:07,388, — WARNING — module: parser.src.utils — Fn <bound method ParserIdBrand.get_id_brand of <parser.src.new_parser.ParserMetro object at 0x7f55d6cefb50>> has started
2023-12-23 16:29:07,388, — WARNING — module: parser.src.utils — Fn <bound method ParserIdBrand.get_id_brand of <parser.src.new_parser.ParserMetro object at 0x7f55d6cefb50>> has started
2023-12-23 16:29:07,388, — WARNING — module: parser.src.utils — Fn <bound method ParserIdBrand.get_id_brand of <parser.src.new_parser.ParserMetro object at 0x7f55d6cefb50>> has started
2023-12-23 16:29:07,388, — WARNING — module: parser.src.utils — Fn <bound method ParserIdBrand.get_id_brand of <parser.src.new_parser.ParserMetro object at 0x7f55d6cefb50>> has started
2023-12-23 16:29:07,388, — WARNING — module: parser.src.utils — Fn <bound method ParserIdBrand.get_id_brand of <parser.src.new_parser.ParserMetro object at 0x7f55d6cefb50>> has started
2023-12-23 16:29:07,389, — WARNING — module: parser.src.utils — Fn <bound method ParserIdBrand.get_id_brand of <parser.src.new_parser.ParserMetro object at 0x7f55d6cefb50>> has started
2023-12-23 16:29:07,389, — WARNING — module: parser.src.utils — Fn <bound method ParserIdBrand.get_id_brand of <parser.src.new_parser.ParserMetro object at 0x7f55d6cefb50>> has started
2023-12-23 16:29:07,389, — WARNING — module: parser.src.utils — Fn <bound method ParserIdBrand.get_id_brand of <parser.src.new_parser.ParserMetro object at 0x7f55d6cefb50>> has started
2023-12-23 16:29:07,389, — WARNING — module: parser.src.utils — Fn <bound method ParserIdBrand.get_id_brand of <parser.src.new_parser.ParserMetro object at 0x7f55d6cefb50>> has started
2023-12-23 16:29:07,389, — WARNING — module: parser.src.utils — Fn <bound method ParserIdBrand.get_id_brand of <parser.src.new_parser.ParserMetro object at 0x7f55d6cefb50>> has started
2023-12-23 16:29:07,390, — WARNING — module: parser.src.utils — Fn <bound method ParserIdBrand.get_id_brand of <parser.src.new_parser.ParserMetro object at 0x7f55d6cefb50>> has started
2023-12-23 16:29:07,390, — WARNING — module: parser.src.utils — Fn <bound method ParserIdBrand.get_id_brand of <parser.src.new_parser.ParserMetro object at 0x7f55d6cefb50>> has started
2023-12-23 16:29:07,390, — WARNING — module: parser.src.utils — Fn <bound method ParserIdBrand.get_id_brand of <parser.src.new_parser.ParserMetro object at 0x7f55d6cefb50>> has started
2023-12-23 16:29:07,390, — WARNING — module: parser.src.utils — Fn <bound method ParserIdBrand.get_id_brand of <parser.src.new_parser.ParserMetro object at 0x7f55d6cefb50>> has started
2023-12-23 16:29:07,390, — WARNING — module: parser.src.utils — Fn <bound method ParserIdBrand.get_id_brand of <parser.src.new_parser.ParserMetro object at 0x7f55d6cefb50>> has started
2023-12-23 16:29:07,391, — WARNING — module: parser.src.utils — Fn <bound method ParserIdBrand.get_id_brand of <parser.src.new_parser.ParserMetro object at 0x7f55d6cefb50>> has started
2023-12-23 16:29:07,391, — WARNING — module: parser.src.utils — Fn <bound method ParserIdBrand.get_id_brand of <parser.src.new_parser.ParserMetro object at 0x7f55d6cefb50>> has started
2023-12-23 16:29:07,391, — WARNING — module: parser.src.utils — Fn <bound method ParserIdBrand.get_id_brand of <parser.src.new_parser.ParserMetro object at 0x7f55d6cefb50>> has started
2023-12-23 16:29:07,391, — WARNING — module: parser.src.utils — Fn <bound method ParserIdBrand.get_id_brand of <parser.src.new_parser.ParserMetro object at 0x7f55d6cefb50>> has started
2023-12-23 16:29:07,391, — WARNING — module: parser.src.utils — Fn <bound method ParserIdBrand.get_id_brand of <parser.src.new_parser.ParserMetro object at 0x7f55d6cefb50>> has started
2023-12-23 16:29:07,391, — WARNING — module: parser.src.utils — Fn <bound method ParserIdBrand.get_id_brand of <parser.src.new_parser.ParserMetro object at 0x7f55d6cefb50>> has started
2023-12-23 16:29:07,392, — WARNING — module: parser.src.utils — Fn <bound method ParserIdBrand.get_id_brand of <parser.src.new_parser.ParserMetro object at 0x7f55d6cefb50>> has started
2023-12-23 16:29:07,392, — WARNING — module: parser.src.utils — Fn <bound method ParserIdBrand.get_id_brand of <parser.src.new_parser.ParserMetro object at 0x7f55d6cefb50>> has started
2023-12-23 16:29:07,392, — WARNING — module: parser.src.utils — Fn <bound method ParserIdBrand.get_id_brand of <parser.src.new_parser.ParserMetro object at 0x7f55d6cefb50>> has started
2023-12-23 16:29:07,393, — WARNING — module: parser.src.utils — Fn <bound method ParserIdBrand.get_id_brand of <parser.src.new_parser.ParserMetro object at 0x7f55d6cefb50>> has started
2023-12-23 16:29:07,393, — WARNING — module: parser.src.utils — Fn <bound method ParserIdBrand.get_id_brand of <parser.src.new_parser.ParserMetro object at 0x7f55d6cefb50>> has started
2023-12-23 16:29:07,393, — WARNING — module: parser.src.utils — Fn <bound method ParserIdBrand.get_id_brand of <parser.src.new_parser.ParserMetro object at 0x7f55d6cefb50>> has started
2023-12-23 16:29:07,393, — WARNING — module: parser.src.utils — Fn <bound method ParserIdBrand.get_id_brand of <parser.src.new_parser.ParserMetro object at 0x7f55d6cefb50>> has started
2023-12-23 16:29:07,393, — WARNING — module: parser.src.utils — Fn <bound method ParserIdBrand.get_id_brand of <parser.src.new_parser.ParserMetro object at 0x7f55d6cefb50>> has started
2023-12-23 16:29:07,394, — WARNING — module: parser.src.utils — Fn <bound method ParserIdBrand.get_id_brand of <parser.src.new_parser.ParserMetro object at 0x7f55d6cefb50>> has started
2023-12-23 16:29:07,394, — WARNING — module: parser.src.utils — Fn <bound method ParserIdBrand.get_id_brand of <parser.src.new_parser.ParserMetro object at 0x7f55d6cefb50>> has started
2023-12-23 16:29:07,394, — WARNING — module: parser.src.utils — Fn <bound method ParserIdBrand.get_id_brand of <parser.src.new_parser.ParserMetro object at 0x7f55d6cefb50>> has started
2023-12-23 16:29:07,394, — WARNING — module: parser.src.utils — Fn <bound method ParserIdBrand.get_id_brand of <parser.src.new_parser.ParserMetro object at 0x7f55d6cefb50>> has started
2023-12-23 16:29:07,394, — WARNING — module: parser.src.utils — Fn <bound method ParserIdBrand.get_id_brand of <parser.src.new_parser.ParserMetro object at 0x7f55d6cefb50>> has started
2023-12-23 16:29:07,395, — WARNING — module: parser.src.utils — Fn <bound method ParserIdBrand.get_id_brand of <parser.src.new_parser.ParserMetro object at 0x7f55d6cefb50>> has started
2023-12-23 16:29:07,395, — WARNING — module: parser.src.utils — Fn <bound method ParserIdBrand.get_id_brand of <parser.src.new_parser.ParserMetro object at 0x7f55d6cefb50>> has started
2023-12-23 16:29:07,395, — WARNING — module: parser.src.utils — Fn <bound method ParserIdBrand.get_id_brand of <parser.src.new_parser.ParserMetro object at 0x7f55d6cefb50>> has started
2023-12-23 16:29:07,395, — WARNING — module: parser.src.utils — Fn <bound method ParserIdBrand.get_id_brand of <parser.src.new_parser.ParserMetro object at 0x7f55d6cefb50>> has started
2023-12-23 16:29:07,395, — WARNING — module: parser.src.utils — Fn <bound method ParserIdBrand.get_id_brand of <parser.src.new_parser.ParserMetro object at 0x7f55d6cefb50>> has started
2023-12-23 16:29:07,395, — WARNING — module: parser.src.utils — Fn <bound method ParserIdBrand.get_id_brand of <parser.src.new_parser.ParserMetro object at 0x7f55d6cefb50>> has started
2023-12-23 16:29:07,396, — WARNING — module: parser.src.utils — Fn <bound method ParserIdBrand.get_id_brand of <parser.src.new_parser.ParserMetro object at 0x7f55d6cefb50>> has started
2023-12-23 16:29:07,396, — WARNING — module: parser.src.utils — Fn <bound method ParserIdBrand.get_id_brand of <parser.src.new_parser.ParserMetro object at 0x7f55d6cefb50>> has started
2023-12-23 16:29:07,396, — WARNING — module: parser.src.utils — Fn <bound method ParserIdBrand.get_id_brand of <parser.src.new_parser.ParserMetro object at 0x7f55d6cefb50>> has started
2023-12-23 16:29:07,396, — WARNING — module: parser.src.utils — Fn <bound method ParserIdBrand.get_id_brand of <parser.src.new_parser.ParserMetro object at 0x7f55d6cefb50>> has started
2023-12-23 16:29:07,396, — WARNING — module: parser.src.utils — Fn <bound method ParserIdBrand.get_id_brand of <parser.src.new_parser.ParserMetro object at 0x7f55d6cefb50>> has started
2023-12-23 16:29:07,397, — WARNING — module: parser.src.utils — Fn <bound method ParserIdBrand.get_id_brand of <parser.src.new_parser.ParserMetro object at 0x7f55d6cefb50>> has started
2023-12-23 16:29:07,397, — WARNING — module: parser.src.utils — Fn <bound method ParserIdBrand.get_id_brand of <parser.src.new_parser.ParserMetro object at 0x7f55d6cefb50>> has started
2023-12-23 16:29:07,397, — WARNING — module: parser.src.utils — Fn <bound method ParserIdBrand.get_id_brand of <parser.src.new_parser.ParserMetro object at 0x7f55d6cefb50>> has started
2023-12-23 16:29:07,398, — WARNING — module: parser.src.utils — Fn <bound method ParserIdBrand.get_id_brand of <parser.src.new_parser.ParserMetro object at 0x7f55d6cefb50>> has started
2023-12-23 16:29:23,483, — INFO — module: parser.src.utils — Fn get_cards_info has finished correctly
2023-12-23 16:29:23,486, — INFO — module: parser.src.utils — get_pages_url has started
2023-12-23 16:29:25,899, — INFO — module: parser.src.utils — get_pages_url has finished correctly
2023-12-23 17:19:33,596, — INFO — module: parser.src.main_parser — get_pages_url has started
2023-12-23 17:19:37,096, — INFO — module: parser.src.main_parser — get_pages_url has finished correctly
2023-12-23 17:21:20,562, — INFO — module: parser.src.main_parser — Fn get_products_links has started
2023-12-23 17:22:49,655, — INFO — module: parser.src.main_parser — Fn get_products_links has finished correctly
2023-12-23 17:22:49,656, — INFO — module: parser.src.main_parser — Fn get_cards_info has started
2023-12-23 17:23:42,626, — INFO — module: parser.src.main_parser — Fn get_cards_info has finished correctly
2023-12-23 17:23:42,628, — INFO — module: parser.src.main_parser — get_pages_url has started
2023-12-23 17:23:46,784, — INFO — module: parser.src.main_parser — get_pages_url has finished correctly
2023-12-23 17:25:20,820, — INFO — module: parser.src.main_parser — get_info_products has started
2023-12-23 17:25:27,369, — INFO — module: parser.src.main_parser — get_info_products has finished correctly
2023-12-23 17:44:56,837, — INFO — module: parser.src.main_parser — Fn get_pages_url has started
2023-12-23 17:45:01,713, — INFO — module: parser.src.main_parser — Fn get_pages_url Success to connect
2023-12-23 17:45:01,869, — INFO — module: parser.src.main_parser — get_pages_url has finished correctly
2023-12-23 17:46:26,709, — INFO — module: parser.src.main_parser — Fn get_products_links has started
2023-12-23 17:47:56,923, — INFO — module: parser.src.main_parser — Fn get_products_links has finished correctly
2023-12-23 17:47:56,924, — INFO — module: parser.src.main_parser — Fn get_cards_info has started
2023-12-23 17:49:17,930, — INFO — module: parser.src.main_parser — Fn get_cards_info has finished correctly
2023-12-23 17:49:17,931, — INFO — module: parser.src.main_parser — Fn get_pages_url has started
2023-12-23 17:49:26,664, — INFO — module: parser.src.main_parser — Fn get_pages_url Success to connect
2023-12-23 17:49:26,826, — INFO — module: parser.src.main_parser — get_pages_url has finished correctly
2023-12-23 17:51:06,390, — INFO — module: parser.src.main_parser — get_info_products has started
2023-12-23 17:51:10,907, — INFO — module: parser.src.main_parser — get_info_products has finished correctly
2023-12-23 17:55:50,925, — INFO — module: parser.src.main_parser — Fn get_pages_url has started
2023-12-23 17:55:54,234, — INFO — module: parser.src.main_parser — Fn get_pages_url Success to connect
2023-12-23 17:55:54,382, — INFO — module: parser.src.main_parser — get_pages_url has finished correctly
2023-12-23 17:57:36,627, — INFO — module: parser.src.main_parser — Fn get_products_links has started
2023-12-23 17:59:02,889, — INFO — module: parser.src.main_parser — Fn get_products_links has finished correctly
2023-12-23 17:59:02,890, — INFO — module: parser.src.main_parser — Fn get_cards_info has started
2023-12-23 18:00:04,787, — INFO — module: parser.src.main_parser — Fn get_cards_info has finished correctly
2023-12-23 18:00:04,788, — INFO — module: parser.src.main_parser — Fn get_pages_url has started
2023-12-23 18:00:07,370, — INFO — module: parser.src.main_parser — Fn get_pages_url Success to connect
2023-12-23 18:00:07,536, — INFO — module: parser.src.main_parser — get_pages_url has finished correctly
2023-12-23 18:01:53,485, — INFO — module: parser.src.main_parser — get_info_products has started
2023-12-23 18:02:01,711, — INFO — module: parser.src.main_parser — get_info_products has finished correctly
2023-12-23 18:12:21,290, — INFO — module: parser.src.main_parser — Fn get_pages_url has started
2023-12-23 18:12:24,562, — INFO — module: parser.src.main_parser — Fn get_pages_url Success to connect
2023-12-23 18:12:24,717, — INFO — module: parser.src.main_parser — get_pages_url has finished correctly
2023-12-23 18:14:50,316, — INFO — module: parser.src.main_parser — Fn get_pages_url has started
2023-12-23 18:15:02,475, — INFO — module: parser.src.main_parser — Fn get_pages_url Success to connect
2023-12-23 18:15:02,623, — INFO — module: parser.src.main_parser — get_pages_url has finished correctly
2023-12-23 18:17:06,930, — INFO — module: parser.src.main_parser — Fn get_products_links has started
2023-12-23 18:19:24,500, — INFO — module: parser.src.main_parser — Fn get_products_links has finished correctly
2023-12-23 18:19:24,501, — INFO — module: parser.src.main_parser — Fn get_cards_info has started
2023-12-23 18:20:27,383, — INFO — module: parser.src.main_parser — Fn get_cards_info has finished correctly
2023-12-23 18:20:27,385, — INFO — module: parser.src.main_parser — Fn get_pages_url has started
2023-12-23 18:20:30,359, — INFO — module: parser.src.main_parser — Fn get_pages_url Success to connect
2023-12-23 18:20:30,519, — INFO — module: parser.src.main_parser — get_pages_url has finished correctly
2023-12-23 18:22:13,334, — INFO — module: parser.src.main_parser — get_info_products has started
2023-12-23 18:22:25,236, — INFO — module: parser.src.main_parser — get_info_products has finished correctly
2023-12-23 19:05:15,680, — INFO — module: parser.src.main_parser — Fn get_pages_url has started
2023-12-23 19:05:25,560, — INFO — module: parser.src.main_parser — Fn get_pages_url Success to connect
2023-12-23 19:05:25,690, — INFO — module: parser.src.main_parser — get_pages_url has finished correctly
2023-12-23 19:08:42,905, — INFO — module: parser.src.main_parser — Fn get_pages_url has started
2023-12-23 19:08:55,043, — INFO — module: parser.src.main_parser — Fn get_pages_url Success to connect
2023-12-23 19:08:55,195, — INFO — module: parser.src.main_parser — get_pages_url has finished correctly
2023-12-23 19:13:37,945, — INFO — module: parser.src.main_parser — Fn get_products_links has started
2023-12-23 19:15:58,307, — CRITICAL — module: parser.src.main_parser — Fn get_products_links has finished incorrectly
2023-12-23 19:15:58,308, — INFO — module: parser.src.main_parser — Fn get_cards_info has started
2023-12-23 19:17:59,277, — INFO — module: parser.src.main_parser — Fn get_pages_url has started
2023-12-23 19:18:18,951, — INFO — module: parser.src.main_parser — Fn get_pages_url has started
2023-12-23 19:18:25,283, — INFO — module: parser.src.main_parser — Fn get_pages_url Success to connect
2023-12-23 19:18:25,457, — INFO — module: parser.src.main_parser — get_pages_url has finished correctly
2023-12-23 19:21:47,198, — INFO — module: parser.src.main_parser — Fn get_products_links has started
2023-12-23 19:24:20,793, — CRITICAL — module: parser.src.main_parser — Fn get_products_links has finished incorrectly
2023-12-23 19:24:20,795, — INFO — module: parser.src.main_parser — Fn get_cards_info has started
2023-12-23 19:32:50,477, — INFO — module: parser.src.main_parser — Fn get_pages_url has started
2023-12-23 19:33:06,516, — INFO — module: parser.src.main_parser — Fn get_pages_url Success to connect
2023-12-23 19:33:06,660, — INFO — module: parser.src.main_parser — get_pages_url has finished correctly
2023-12-23 19:36:13,828, — INFO — module: parser.src.main_parser — Fn get_products_links has started
2023-12-23 19:40:44,874, — INFO — module: parser.src.main_parser — Fn get_products_links has finished correctly
2023-12-23 19:40:44,875, — INFO — module: parser.src.main_parser — Fn get_cards_info has started
2023-12-23 19:40:56,129, — WARNING — module: parser.src.main_parser — Fn <bound method ParserIdBrand.get_id_brand of <parser.src.main_parser.ParserMetro object at 0x7f1470260910>> works incorrectly. Bad request: 404
2023-12-23 19:40:56,247, — WARNING — module: parser.src.main_parser — Fn <bound method ParserIdBrand.get_id_brand of <parser.src.main_parser.ParserMetro object at 0x7f1470260910>> works incorrectly. Bad request: 404
2023-12-23 19:40:56,349, — WARNING — module: parser.src.main_parser — Fn <bound method ParserIdBrand.get_id_brand of <parser.src.main_parser.ParserMetro object at 0x7f1470260910>> works incorrectly. Bad request: 404
2023-12-23 19:40:56,505, — WARNING — module: parser.src.main_parser — Fn <bound method ParserIdBrand.get_id_brand of <parser.src.main_parser.ParserMetro object at 0x7f1470260910>> works incorrectly. Bad request: 404
2023-12-23 19:40:56,521, — WARNING — module: parser.src.main_parser — Fn <bound method ParserIdBrand.get_id_brand of <parser.src.main_parser.ParserMetro object at 0x7f1470260910>> works incorrectly. Bad request: 404
2023-12-23 19:40:57,046, — WARNING — module: parser.src.main_parser — Fn <bound method ParserIdBrand.get_id_brand of <parser.src.main_parser.ParserMetro object at 0x7f1470260910>> works incorrectly. Bad request: 404
2023-12-23 19:40:59,804, — WARNING — module: parser.src.main_parser — Fn <bound method ParserIdBrand.get_id_brand of <parser.src.main_parser.ParserMetro object at 0x7f1470260910>> works incorrectly. Bad request: 404
2023-12-23 19:40:59,992, — WARNING — module: parser.src.main_parser — Fn <bound method ParserIdBrand.get_id_brand of <parser.src.main_parser.ParserMetro object at 0x7f1470260910>> works incorrectly. Bad request: 404
2023-12-23 19:41:24,952, — WARNING — module: parser.src.main_parser — Fn <bound method ParserIdBrand.get_id_brand of <parser.src.main_parser.ParserMetro object at 0x7f1470260910>> works incorrectly. Bad request: 404
2023-12-23 19:41:26,082, — WARNING — module: parser.src.main_parser — Fn <bound method ParserIdBrand.get_id_brand of <parser.src.main_parser.ParserMetro object at 0x7f1470260910>> works incorrectly. Bad request: 404
2023-12-23 19:41:26,293, — WARNING — module: parser.src.main_parser — Fn <bound method ParserIdBrand.get_id_brand of <parser.src.main_parser.ParserMetro object at 0x7f1470260910>> works incorrectly. Bad request: 404
2023-12-23 19:41:26,557, — WARNING — module: parser.src.main_parser — Fn <bound method ParserIdBrand.get_id_brand of <parser.src.main_parser.ParserMetro object at 0x7f1470260910>> works incorrectly. Bad request: 404
2023-12-23 19:41:26,848, — WARNING — module: parser.src.main_parser — Fn <bound method ParserIdBrand.get_id_brand of <parser.src.main_parser.ParserMetro object at 0x7f1470260910>> works incorrectly. Bad request: 404
2023-12-23 19:41:28,470, — WARNING — module: parser.src.main_parser — Fn <bound method ParserIdBrand.get_id_brand of <parser.src.main_parser.ParserMetro object at 0x7f1470260910>> works incorrectly. Bad request: 404
2023-12-23 19:41:29,479, — WARNING — module: parser.src.main_parser — Fn <bound method ParserIdBrand.get_id_brand of <parser.src.main_parser.ParserMetro object at 0x7f1470260910>> works incorrectly. Bad request: 404
2023-12-23 19:41:31,001, — WARNING — module: parser.src.main_parser — Fn <bound method ParserIdBrand.get_id_brand of <parser.src.main_parser.ParserMetro object at 0x7f1470260910>> works incorrectly. Bad request: 404
2023-12-23 19:41:31,224, — WARNING — module: parser.src.main_parser — Fn <bound method ParserIdBrand.get_id_brand of <parser.src.main_parser.ParserMetro object at 0x7f1470260910>> works incorrectly. Bad request: 404
2023-12-23 19:42:58,436, — INFO — module: parser.src.main_parser — Fn get_cards_info has finished correctly
2023-12-23 19:42:58,437, — INFO — module: parser.src.main_parser — Fn get_pages_url has started
2023-12-23 19:43:14,163, — INFO — module: parser.src.main_parser — Fn get_pages_url Success to connect
2023-12-23 19:43:14,297, — INFO — module: parser.src.main_parser — get_pages_url has finished correctly
2023-12-23 19:45:44,257, — INFO — module: parser.src.main_parser — get_info_products has started
2023-12-23 19:46:06,326, — INFO — module: parser.src.main_parser — get_info_products has finished correctly
2023-12-23 20:34:06,455, — INFO — module: parser.src.main_parser — Fn get_pages_url has started
2023-12-23 20:34:09,391, — INFO — module: parser.src.main_parser — Fn get_pages_url Success to connect
2023-12-23 20:34:09,549, — INFO — module: parser.src.main_parser — get_pages_url has finished correctly
2023-12-23 20:35:32,397, — INFO — module: parser.src.main_parser — get_info_products has started
2023-12-23 20:35:39,030, — INFO — module: parser.src.main_parser — get_info_products has finished correctly
2023-12-23 20:35:39,031, — INFO — module: parser.src.main_parser — Fn get_products_links has started
2023-12-23 20:37:32,882, — INFO — module: parser.src.main_parser — Fn get_products_links has finished correctly
2023-12-23 20:37:32,883, — INFO — module: parser.src.main_parser — Fn get_cards_info has started
2023-12-23 20:37:39,740, — WARNING — module: parser.src.main_parser — Fn <bound method ParserIdBrand.get_id_brand of <parser.src.main_parser.ParserMetro object at 0x7f873a1bcb80>> works incorrectly. Bad request: 404
2023-12-23 20:37:42,102, — WARNING — module: parser.src.main_parser — Fn <bound method ParserIdBrand.get_id_brand of <parser.src.main_parser.ParserMetro object at 0x7f873a1bcb80>> works incorrectly. Bad request: 404
2023-12-23 20:37:45,641, — WARNING — module: parser.src.main_parser — Fn <bound method ParserIdBrand.get_id_brand of <parser.src.main_parser.ParserMetro object at 0x7f873a1bcb80>> works incorrectly. Bad request: 404
2023-12-23 20:38:11,542, — WARNING — module: parser.src.main_parser — Fn <bound method ParserIdBrand.get_id_brand of <parser.src.main_parser.ParserMetro object at 0x7f873a1bcb80>> works incorrectly. Bad request: 404
2023-12-23 20:38:14,784, — WARNING — module: parser.src.main_parser — Fn <bound method ParserIdBrand.get_id_brand of <parser.src.main_parser.ParserMetro object at 0x7f873a1bcb80>> works incorrectly. Bad request: 404
2023-12-23 20:39:00,387, — INFO — module: parser.src.main_parser — Fn get_cards_info has finished correctly
2023-12-23 22:46:13,064, — INFO — module: parser.src.main_parser — Fn get_pages_url has started
2023-12-23 22:46:15,476, — INFO — module: parser.src.main_parser — Fn get_pages_url Success to connect
2023-12-23 22:46:15,624, — INFO — module: parser.src.main_parser — get_pages_url has finished correctly
2023-12-23 22:47:15,024, — INFO — module: parser.src.main_parser — get_info_products has started
2023-12-23 22:47:21,000, — INFO — module: parser.src.main_parser — get_info_products has finished correctly
2023-12-23 22:47:21,001, — INFO — module: parser.src.main_parser — Fn get_products_links has started
2023-12-23 22:48:20,803, — INFO — module: parser.src.main_parser — Fn get_products_links has finished correctly
2023-12-23 22:48:20,804, — INFO — module: parser.src.main_parser — Fn get_cards_info has started
2023-12-23 22:49:06,794, — INFO — module: parser.src.main_parser — Fn get_cards_info has finished correctly
2023-12-23 22:52:56,091, — INFO — module: parser.src.main_parser — Fn get_pages_url has started
2023-12-23 22:52:58,312, — INFO — module: parser.src.main_parser — Fn get_pages_url Success to connect
2023-12-23 22:52:58,480, — INFO — module: parser.src.main_parser — get_pages_url has finished correctly
2023-12-23 22:54:03,368, — INFO — module: parser.src.main_parser — get_info_products has started
2023-12-23 22:54:12,003, — INFO — module: parser.src.main_parser — get_info_products has finished correctly
2023-12-23 22:54:12,004, — INFO — module: parser.src.main_parser — Fn get_products_links has started
2023-12-23 22:55:01,856, — INFO — module: parser.src.main_parser — Fn get_products_links has finished correctly
2023-12-23 22:55:01,857, — INFO — module: parser.src.main_parser — Fn get_cards_info has started
2023-12-23 22:55:44,974, — INFO — module: parser.src.main_parser — Fn get_cards_info has finished correctly
2023-12-23 23:03:03,125, — INFO — module: parser.src.main_parser — Fn get_pages_url has started
2023-12-23 23:03:06,570, — INFO — module: parser.src.main_parser — Fn get_pages_url Success to connect
2023-12-23 23:03:06,713, — INFO — module: parser.src.main_parser — get_pages_url has finished correctly
2023-12-23 23:04:11,430, — INFO — module: parser.src.main_parser — get_info_products has started
2023-12-23 23:04:16,340, — INFO — module: parser.src.main_parser — get_info_products has finished correctly
2023-12-23 23:04:16,341, — INFO — module: parser.src.main_parser — Fn get_products_links has started
2023-12-23 23:05:23,319, — INFO — module: parser.src.main_parser — Fn get_products_links has finished correctly
2023-12-23 23:05:23,319, — INFO — module: parser.src.main_parser — Fn get_cards_info has started
2023-12-23 23:06:04,347, — INFO — module: parser.src.main_parser — Fn get_cards_info has finished correctly
2023-12-23 23:08:43,112, — INFO — module: parser.src.main_parser — Fn get_pages_url has started
2023-12-23 23:08:49,548, — INFO — module: parser.src.main_parser — Fn get_pages_url Success to connect
2023-12-23 23:08:49,685, — INFO — module: parser.src.main_parser — get_pages_url has finished correctly
2023-12-23 23:10:12,551, — INFO — module: parser.src.main_parser — get_info_products has started
2023-12-23 23:10:18,625, — INFO — module: parser.src.main_parser — get_info_products has finished correctly
2023-12-23 23:10:18,625, — INFO — module: parser.src.main_parser — Fn get_products_links has started
2023-12-23 23:11:24,176, — INFO — module: parser.src.main_parser — Fn get_products_links has finished correctly
2023-12-23 23:11:24,177, — INFO — module: parser.src.main_parser — Fn get_cards_info has started
2023-12-23 23:12:08,886, — INFO — module: parser.src.main_parser — Fn get_cards_info has finished correctly
